files Cello
Wave Cello11Cello1Vel120C1.wav read successfully
Converting fixed point wav to floating point
Wave Cello3Cello3Vel50FSharp2.wav read successfully
Converting fixed point wav to floating point
Wave Cello0Cello1Vel50C1.wav read successfully
Converting fixed point wav to floating point
no written target, assuming parent directory is target
no written target, assuming parent directory is target
no written target, assuming parent directory is target
Wave Cello7Cello2Vel90C3.wav read successfully
Converting fixed point wav to floating point
no written target, assuming parent directory is target
Wave Cello11Cello1Vel120C2.wav read successfully
Converting fixed point wav to floating point
Wave Cello3Cello3Vel50FSharp3.wav read successfully
Converting fixed point wav to floating point
no written target, assuming parent directory is target
Wave Cello0Cello1Vel50C2.wav read successfully
Converting fixed point wav to floating point
no written target, assuming parent directory is target
no written target, assuming parent directory is target
Wave Cello7Cello2Vel90C4.wav read successfully
Converting fixed point wav to floating point
no written target, assuming parent directory is target
Wave Cello11Cello1Vel120C3.wav read successfully
Converting fixed point wav to floating point
Wave Cello3Cello3Vel50FSharp4.wav read successfully
Converting fixed point wav to floating point
no written target, assuming parent directory is target
Wave Cello0Cello1Vel50C3.wav read successfully
Converting fixed point wav to floating point
no written target, assuming parent directory is target
Wave Cello7Cello2Vel90FSharp1.wav read successfully
Converting fixed point wav to floating point
no written target, assuming parent directory is target
no written target, assuming parent directory is target
Wave Cello11Cello1Vel120C4.wav read successfully
Converting fixed point wav to floating point
Wave Cello3Cello3Vel90C1.wav read successfully
Converting fixed point wav to floating point
no written target, assuming parent directory is target
no written target, assuming parent directory is target
Wave Cello0Cello1Vel50C4.wav read successfully
Converting fixed point wav to floating point
Wave Cello7Cello2Vel90FSharp2.wav read successfully
Converting fixed point wav to floating point
no written target, assuming parent directory is target
no written target, assuming parent directory is target
Wave Cello3Cello3Vel90C2.wav read successfully
Converting fixed point wav to floating point
Wave Cello11Cello1Vel120C5.wav read successfully
Converting fixed point wav to floating point
